<?xml version="1.0" encoding="UTF-8"?>
<testng-results ignored="0" total="1" passed="1" failed="0" skipped="0">
  <reporter-output>
  </reporter-output>
  <suite started-at="2024-05-10T11:11:00 IST" name="Default suite" finished-at="2024-05-10T11:11:01 IST" duration-ms="1657">
    <groups>
    </groups>
    <test started-at="2024-05-10T11:11:00 IST" name="Default test" finished-at="2024-05-10T11:11:01 IST" duration-ms="1657">
      <class name="api.base.postapis.SendOTP">
        <test-method is-config="true" signature="setUp()[pri:0, instance:api.base.postapis.SendOTP@25641d39]" started-at="2024-05-10T11:11:00 IST" name="setUp" finished-at="2024-05-10T11:11:00 IST" duration-ms="240" status="PASS">
          <reporter-output>
          </reporter-output>
        </test-method> <!-- setUp -->
        <test-method signature="sendOTP()[pri:0, instance:api.base.postapis.SendOTP@25641d39]" started-at="2024-05-10T11:11:00 IST" name="sendOTP" finished-at="2024-05-10T11:11:01 IST" duration-ms="1397" status="PASS">
          <reporter-output>
          </reporter-output>
        </test-method> <!-- sendOTP -->
      </class> <!-- api.base.postapis.SendOTP -->
    </test> <!-- Default test -->
  </suite> <!-- Default suite -->
</testng-results>
